{"/Users/elufioyemichael/vms/fliqpay/src/api/v1/api.ts": {"path":"/Users/elufioyemichael/vms/fliqpay/src/api/v1/api.ts","statementMap":{"0":{"start":{"line":1,"column":0},"end":{"line":1,"column":30}},"1":{"start":{"line":2,"column":0},"end":{"line":2,"column":47}},"2":{"start":{"line":3,"column":0},"end":{"line":3,"column":53}},"3":{"start":{"line":4,"column":0},"end":{"line":4,"column":57}},"4":{"start":{"line":6,"column":12},"end":{"line":6,"column":28}},"5":{"start":{"line":12,"column":9},"end":{"line":12,"column":12}},"6":{"start":{"line":8,"column":0},"end":{"line":8,"column":30}},"7":{"start":{"line":9,"column":0},"end":{"line":9,"column":34}},"8":{"start":{"line":10,"column":0},"end":{"line":10,"column":36}}},"fnMap":{},"branchMap":{},"s":{"0":4,"1":4,"2":4,"3":4,"4":4,"5":4,"6":4,"7":4,"8":4},"f":{},"b":{}}
,"/Users/elufioyemichael/vms/fliqpay/src/api/v1/auth/userModel.ts": {"path":"/Users/elufioyemichael/vms/fliqpay/src/api/v1/auth/userModel.ts","statementMap":{"0":{"start":{"line":1,"column":0},"end":{"line":1,"column":32}},"1":{"start":{"line":2,"column":0},"end":{"line":2,"column":48}},"2":{"start":{"line":3,"column":0},"end":{"line":3,"column":50}},"3":{"start":{"line":21,"column":19},"end":{"line":47,"column":null}},"4":{"start":{"line":41,"column":8},"end":{"line":41,"column":25}},"5":{"start":{"line":42,"column":8},"end":{"line":42,"column":23}},"6":{"start":{"line":43,"column":8},"end":{"line":43,"column":28}},"7":{"start":{"line":44,"column":8},"end":{"line":44,"column":23}},"8":{"start":{"line":50,"column":0},"end":{"line":56,"column":3}},"9":{"start":{"line":51,"column":6},"end":{"line":51,"column":10}},"10":{"start":{"line":52,"column":19},"end":{"line":52,"column":null}},"11":{"start":{"line":52,"column":10},"end":{"line":52,"column":null}},"12":{"start":{"line":53,"column":4},"end":{"line":53,"column":33}},"13":{"start":{"line":55,"column":2},"end":{"line":55,"column":9}},"14":{"start":{"line":58,"column":0},"end":{"line":60,"column":2}},"15":{"start":{"line":59,"column":2},"end":{"line":59,"column":25}},"16":{"start":{"line":62,"column":13},"end":{"line":62,"column":67}},"17":{"start":{"line":64,"column":9},"end":{"line":64,"column":13}}},"fnMap":{"0":{"name":"(anonymous_14)","decl":{"start":{"line":40,"column":15},"end":{"line":40,"column":16}},"loc":{"start":{"line":40,"column":24},"end":{"line":45,"column":7}}},"1":{"name":"(anonymous_15)","decl":{"start":{"line":50,"column":23},"end":{"line":50,"column":39}},"loc":{"start":{"line":50,"column":43},"end":{"line":56,"column":2}}},"2":{"name":"(anonymous_18)","decl":{"start":{"line":58,"column":27},"end":{"line":58,"column":28}},"loc":{"start":{"line":58,"column":44},"end":{"line":60,"column":1}}}},"branchMap":{"0":{"loc":{"start":{"line":51,"column":6},"end":{"line":51,"column":10}},"type":"if","locations":[{"start":{"line":51,"column":6},"end":{"line":51,"column":10}},{"start":{"line":51,"column":6},"end":{"line":51,"column":10}}]}},"s":{"0":4,"1":4,"2":4,"3":4,"4":22,"5":22,"6":22,"7":22,"8":4,"9":20,"10":20,"11":20,"12":20,"13":20,"14":4,"15":20,"16":4,"17":4},"f":{"0":22,"1":20,"2":20},"b":{"0":[0,20]}}
,"/Users/elufioyemichael/vms/fliqpay/src/api/v1/auth/userRouter.ts": {"path":"/Users/elufioyemichael/vms/fliqpay/src/api/v1/auth/userRouter.ts","statementMap":{"0":{"start":{"line":1,"column":0},"end":{"line":1,"column":30}},"1":{"start":{"line":2,"column":0},"end":{"line":2,"column":64}},"2":{"start":{"line":3,"column":0},"end":{"line":3,"column":57}},"3":{"start":{"line":5,"column":0},"end":{"line":5,"column":41}},"4":{"start":{"line":6,"column":0},"end":{"line":6,"column":66}},"5":{"start":{"line":7,"column":15},"end":{"line":7,"column":31}},"6":{"start":{"line":45,"column":19},"end":{"line":45,"column":29}},"7":{"start":{"line":9,"column":0},"end":{"line":21,"column":4}},"8":{"start":{"line":23,"column":0},"end":{"line":41,"column":4}},"9":{"start":{"line":43,"column":0},"end":{"line":43,"column":60}}},"fnMap":{},"branchMap":{},"s":{"0":4,"1":4,"2":4,"3":4,"4":4,"5":4,"6":4,"7":4,"8":4,"9":4},"f":{},"b":{}}
,"/Users/elufioyemichael/vms/fliqpay/src/api/v1/auth/usercontroller.ts": {"path":"/Users/elufioyemichael/vms/fliqpay/src/api/v1/auth/usercontroller.ts","statementMap":{"0":{"start":{"line":3,"column":0},"end":{"line":3,"column":31}},"1":{"start":{"line":4,"column":0},"end":{"line":4,"column":35}},"2":{"start":{"line":5,"column":0},"end":{"line":5,"column":48}},"3":{"start":{"line":7,"column":13},"end":{"line":37,"column":2}},"4":{"start":{"line":7,"column":56},"end":{"line":37,"column":2}},"5":{"start":{"line":8,"column":8},"end":{"line":8,"column":30}},"6":{"start":{"line":10,"column":23},"end":{"line":10,"column":null}},"7":{"start":{"line":10,"column":8},"end":{"line":10,"column":null}},"8":{"start":{"line":12,"column":2},"end":{"line":14,"column":null}},"9":{"start":{"line":13,"column":4},"end":{"line":13,"column":68}},"10":{"start":{"line":16,"column":24},"end":{"line":16,"column":null}},"11":{"start":{"line":16,"column":8},"end":{"line":16,"column":null}},"12":{"start":{"line":18,"column":2},"end":{"line":20,"column":null}},"13":{"start":{"line":19,"column":4},"end":{"line":19,"column":68}},"14":{"start":{"line":23,"column":8},"end":{"line":29,"column":4}},"15":{"start":{"line":32,"column":2},"end":{"line":34,"column":4}},"16":{"start":{"line":36,"column":2},"end":{"line":36,"column":37}},"17":{"start":{"line":39,"column":13},"end":{"line":66,"column":2}},"18":{"start":{"line":39,"column":56},"end":{"line":66,"column":2}},"19":{"start":{"line":40,"column":8},"end":{"line":40,"column":36}},"20":{"start":{"line":42,"column":23},"end":{"line":42,"column":null}},"21":{"start":{"line":42,"column":8},"end":{"line":42,"column":null}},"22":{"start":{"line":44,"column":2},"end":{"line":46,"column":null}},"23":{"start":{"line":45,"column":4},"end":{"line":45,"column":61}},"24":{"start":{"line":48,"column":8},"end":{"line":48,"column":53}},"25":{"start":{"line":49,"column":2},"end":{"line":49,"column":20}},"26":{"start":{"line":52,"column":8},"end":{"line":58,"column":4}},"27":{"start":{"line":61,"column":2},"end":{"line":63,"column":4}},"28":{"start":{"line":65,"column":2},"end":{"line":65,"column":29}},"29":{"start":{"line":68,"column":13},"end":{"line":74,"column":2}},"30":{"start":{"line":71,"column":20},"end":{"line":74,"column":2}},"31":{"start":{"line":73,"column":2},"end":{"line":73,"column":53}}},"fnMap":{"0":{"name":"(anonymous_14)","decl":{"start":{"line":7,"column":22},"end":{"line":7,"column":29}},"loc":{"start":{"line":7,"column":56},"end":{"line":37,"column":2}}},"1":{"name":"(anonymous_15)","decl":{"start":{"line":7,"column":56},"end":{"line":7,"column":null}},"loc":{"start":{"line":7,"column":56},"end":{"line":37,"column":2}}},"2":{"name":"(anonymous_17)","decl":{"start":{"line":39,"column":22},"end":{"line":39,"column":29}},"loc":{"start":{"line":39,"column":56},"end":{"line":66,"column":2}}},"3":{"name":"(anonymous_18)","decl":{"start":{"line":39,"column":56},"end":{"line":39,"column":null}},"loc":{"start":{"line":39,"column":56},"end":{"line":66,"column":2}}},"4":{"name":"(anonymous_20)","decl":{"start":{"line":68,"column":28},"end":{"line":68,"column":null}},"loc":{"start":{"line":71,"column":20},"end":{"line":74,"column":2}}},"5":{"name":"(anonymous_21)","decl":{"start":{"line":71,"column":20},"end":{"line":71,"column":null}},"loc":{"start":{"line":71,"column":20},"end":{"line":74,"column":2}}}},"branchMap":{"0":{"loc":{"start":{"line":12,"column":2},"end":{"line":14,"column":null}},"type":"if","locations":[{"start":{"line":12,"column":2},"end":{"line":14,"column":null}},{"start":{"line":12,"column":2},"end":{"line":14,"column":null}}]},"1":{"loc":{"start":{"line":18,"column":2},"end":{"line":20,"column":null}},"type":"if","locations":[{"start":{"line":18,"column":2},"end":{"line":20,"column":null}},{"start":{"line":18,"column":2},"end":{"line":20,"column":null}}]},"2":{"loc":{"start":{"line":44,"column":2},"end":{"line":46,"column":null}},"type":"if","locations":[{"start":{"line":44,"column":2},"end":{"line":46,"column":null}},{"start":{"line":44,"column":2},"end":{"line":46,"column":null}}]},"3":{"loc":{"start":{"line":73,"column":26},"end":{"line":73,"column":41}},"type":"binary-expr","locations":[{"start":{"line":73,"column":26},"end":{"line":73,"column":41}},{"start":{"line":73,"column":45},"end":{"line":73,"column":49}}]}},"s":{"0":4,"1":4,"2":4,"3":4,"4":3,"5":3,"6":3,"7":3,"8":3,"9":1,"10":2,"11":2,"12":2,"13":1,"14":1,"15":1,"16":1,"17":4,"18":20,"19":20,"20":20,"21":20,"22":20,"23":0,"24":20,"25":40,"26":20,"27":20,"28":20,"29":4,"30":0,"31":0},"f":{"0":3,"1":3,"2":20,"3":20,"4":0,"5":0},"b":{"0":[1,2],"1":[1,1],"2":[0,20],"3":[0,0]}}
,"/Users/elufioyemichael/vms/fliqpay/src/api/v1/comments/commentController.ts": {"path":"/Users/elufioyemichael/vms/fliqpay/src/api/v1/comments/commentController.ts","statementMap":{"0":{"start":{"line":2,"column":0},"end":{"line":2,"column":41}},"1":{"start":{"line":3,"column":0},"end":{"line":3,"column":41}},"2":{"start":{"line":4,"column":0},"end":{"line":4,"column":58}},"3":{"start":{"line":5,"column":0},"end":{"line":5,"column":50}},"4":{"start":{"line":7,"column":28},"end":{"line":13,"column":2}},"5":{"start":{"line":7,"column":52},"end":{"line":13,"column":2}},"6":{"start":{"line":8,"column":2},"end":{"line":10,"column":5}},"7":{"start":{"line":12,"column":2},"end":{"line":12,"column":22}},"8":{"start":{"line":15,"column":24},"end":{"line":29,"column":2}},"9":{"start":{"line":19,"column":14},"end":{"line":29,"column":2}},"10":{"start":{"line":21,"column":2},"end":{"line":28,"column":null}},"11":{"start":{"line":22,"column":4},"end":{"line":27,"column":null}},"12":{"start":{"line":23,"column":6},"end":{"line":23,"column":66}},"13":{"start":{"line":24,"column":6},"end":{"line":26,"column":76}},"14":{"start":{"line":31,"column":13},"end":{"line":72,"column":2}},"15":{"start":{"line":31,"column":61},"end":{"line":72,"column":2}},"16":{"start":{"line":33,"column":12},"end":{"line":33,"column":24}},"17":{"start":{"line":34,"column":12},"end":{"line":34,"column":25}},"18":{"start":{"line":35,"column":15},"end":{"line":35,"column":null}},"19":{"start":{"line":35,"column":8},"end":{"line":35,"column":null}},"20":{"start":{"line":36,"column":17},"end":{"line":36,"column":null}},"21":{"start":{"line":36,"column":8},"end":{"line":36,"column":null}},"22":{"start":{"line":38,"column":4},"end":{"line":40,"column":null}},"23":{"start":{"line":39,"column":6},"end":{"line":39,"column":71}},"24":{"start":{"line":42,"column":4},"end":{"line":44,"column":null}},"25":{"start":{"line":43,"column":6},"end":{"line":43,"column":70}},"26":{"start":{"line":46,"column":4},"end":{"line":48,"column":null}},"27":{"start":{"line":47,"column":6},"end":{"line":47,"column":72}},"28":{"start":{"line":51,"column":4},"end":{"line":51,"column":44}},"29":{"start":{"line":54,"column":10},"end":{"line":60,"column":7}},"30":{"start":{"line":63,"column":4},"end":{"line":63,"column":28}},"31":{"start":{"line":66,"column":4},"end":{"line":66,"column":8}},"32":{"start":{"line":66,"column":38},"end":{"line":66,"column":74}},"33":{"start":{"line":66,"column":74},"end":{"line":66,"column":79}},"34":{"start":{"line":68,"column":4},"end":{"line":68,"column":37}},"35":{"start":{"line":70,"column":4},"end":{"line":70,"column":69}},"36":{"start":{"line":74,"column":13},"end":{"line":93,"column":2}},"37":{"start":{"line":74,"column":61},"end":{"line":93,"column":2}},"38":{"start":{"line":76,"column":12},"end":{"line":76,"column":25}},"39":{"start":{"line":78,"column":4},"end":{"line":80,"column":null}},"40":{"start":{"line":79,"column":6},"end":{"line":79,"column":71}},"41":{"start":{"line":82,"column":17},"end":{"line":82,"column":null}},"42":{"start":{"line":82,"column":8},"end":{"line":82,"column":null}},"43":{"start":{"line":84,"column":4},"end":{"line":86,"column":null}},"44":{"start":{"line":85,"column":6},"end":{"line":85,"column":72}},"45":{"start":{"line":87,"column":19},"end":{"line":87,"column":null}},"46":{"start":{"line":87,"column":8},"end":{"line":87,"column":null}},"47":{"start":{"line":89,"column":4},"end":{"line":89,"column":35}},"48":{"start":{"line":91,"column":4},"end":{"line":91,"column":69}},"49":{"start":{"line":95,"column":13},"end":{"line":115,"column":2}},"50":{"start":{"line":95,"column":62},"end":{"line":115,"column":2}},"51":{"start":{"line":97,"column":12},"end":{"line":97,"column":19}},"52":{"start":{"line":99,"column":4},"end":{"line":101,"column":null}},"53":{"start":{"line":100,"column":6},"end":{"line":100,"column":71}},"54":{"start":{"line":103,"column":20},"end":{"line":103,"column":null}},"55":{"start":{"line":103,"column":10},"end":{"line":103,"column":null}},"56":{"start":{"line":104,"column":4},"end":{"line":106,"column":null}},"57":{"start":{"line":105,"column":6},"end":{"line":105,"column":68}},"58":{"start":{"line":107,"column":4},"end":{"line":107,"column":26}},"59":{"start":{"line":109,"column":4},"end":{"line":109,"column":25}},"60":{"start":{"line":111,"column":4},"end":{"line":111,"column":22}},"61":{"start":{"line":113,"column":4},"end":{"line":113,"column":69}},"62":{"start":{"line":117,"column":13},"end":{"line":131,"column":2}},"63":{"start":{"line":117,"column":64},"end":{"line":131,"column":2}},"64":{"start":{"line":119,"column":12},"end":{"line":119,"column":19}},"65":{"start":{"line":121,"column":18},"end":{"line":121,"column":null}},"66":{"start":{"line":121,"column":8},"end":{"line":121,"column":null}},"67":{"start":{"line":123,"column":4},"end":{"line":125,"column":null}},"68":{"start":{"line":124,"column":6},"end":{"line":124,"column":68}},"69":{"start":{"line":127,"column":4},"end":{"line":127,"column":22}},"70":{"start":{"line":129,"column":4},"end":{"line":129,"column":69}},"71":{"start":{"line":133,"column":13},"end":{"line":146,"column":2}},"72":{"start":{"line":133,"column":63},"end":{"line":146,"column":2}},"73":{"start":{"line":135,"column":12},"end":{"line":135,"column":19}},"74":{"start":{"line":136,"column":4},"end":{"line":138,"column":null}},"75":{"start":{"line":137,"column":6},"end":{"line":137,"column":71}},"76":{"start":{"line":140,"column":18},"end":{"line":140,"column":null}},"77":{"start":{"line":140,"column":8},"end":{"line":140,"column":null}},"78":{"start":{"line":142,"column":4},"end":{"line":142,"column":22}},"79":{"start":{"line":144,"column":4},"end":{"line":144,"column":69}}},"fnMap":{"0":{"name":"(anonymous_13)","decl":{"start":{"line":7,"column":28},"end":{"line":7,"column":35}},"loc":{"start":{"line":7,"column":52},"end":{"line":13,"column":2}}},"1":{"name":"(anonymous_14)","decl":{"start":{"line":7,"column":52},"end":{"line":7,"column":null}},"loc":{"start":{"line":7,"column":52},"end":{"line":13,"column":2}}},"2":{"name":"(anonymous_16)","decl":{"start":{"line":15,"column":24},"end":{"line":15,"column":null}},"loc":{"start":{"line":19,"column":14},"end":{"line":29,"column":2}}},"3":{"name":"(anonymous_17)","decl":{"start":{"line":19,"column":14},"end":{"line":19,"column":null}},"loc":{"start":{"line":19,"column":14},"end":{"line":29,"column":2}}},"4":{"name":"(anonymous_19)","decl":{"start":{"line":31,"column":27},"end":{"line":31,"column":34}},"loc":{"start":{"line":31,"column":61},"end":{"line":72,"column":2}}},"5":{"name":"(anonymous_20)","decl":{"start":{"line":31,"column":61},"end":{"line":31,"column":null}},"loc":{"start":{"line":31,"column":61},"end":{"line":72,"column":2}}},"6":{"name":"(anonymous_22)","decl":{"start":{"line":74,"column":27},"end":{"line":74,"column":34}},"loc":{"start":{"line":74,"column":61},"end":{"line":93,"column":2}}},"7":{"name":"(anonymous_23)","decl":{"start":{"line":74,"column":61},"end":{"line":74,"column":null}},"loc":{"start":{"line":74,"column":61},"end":{"line":93,"column":2}}},"8":{"name":"(anonymous_25)","decl":{"start":{"line":95,"column":28},"end":{"line":95,"column":35}},"loc":{"start":{"line":95,"column":62},"end":{"line":115,"column":2}}},"9":{"name":"(anonymous_26)","decl":{"start":{"line":95,"column":62},"end":{"line":95,"column":null}},"loc":{"start":{"line":95,"column":62},"end":{"line":115,"column":2}}},"10":{"name":"(anonymous_28)","decl":{"start":{"line":117,"column":30},"end":{"line":117,"column":37}},"loc":{"start":{"line":117,"column":64},"end":{"line":131,"column":2}}},"11":{"name":"(anonymous_29)","decl":{"start":{"line":117,"column":64},"end":{"line":117,"column":null}},"loc":{"start":{"line":117,"column":64},"end":{"line":131,"column":2}}},"12":{"name":"(anonymous_31)","decl":{"start":{"line":133,"column":29},"end":{"line":133,"column":36}},"loc":{"start":{"line":133,"column":63},"end":{"line":146,"column":2}}},"13":{"name":"(anonymous_32)","decl":{"start":{"line":133,"column":63},"end":{"line":133,"column":null}},"loc":{"start":{"line":133,"column":63},"end":{"line":146,"column":2}}}},"branchMap":{"0":{"loc":{"start":{"line":21,"column":2},"end":{"line":28,"column":null}},"type":"if","locations":[{"start":{"line":21,"column":2},"end":{"line":28,"column":null}},{"start":{"line":21,"column":2},"end":{"line":28,"column":null}}]},"1":{"loc":{"start":{"line":22,"column":4},"end":{"line":27,"column":null}},"type":"if","locations":[{"start":{"line":22,"column":4},"end":{"line":27,"column":null}},{"start":{"line":22,"column":4},"end":{"line":27,"column":null}}]},"2":{"loc":{"start":{"line":38,"column":4},"end":{"line":40,"column":null}},"type":"if","locations":[{"start":{"line":38,"column":4},"end":{"line":40,"column":null}},{"start":{"line":38,"column":4},"end":{"line":40,"column":null}}]},"3":{"loc":{"start":{"line":42,"column":4},"end":{"line":44,"column":null}},"type":"if","locations":[{"start":{"line":42,"column":4},"end":{"line":44,"column":null}},{"start":{"line":42,"column":4},"end":{"line":44,"column":null}}]},"4":{"loc":{"start":{"line":46,"column":4},"end":{"line":48,"column":null}},"type":"if","locations":[{"start":{"line":46,"column":4},"end":{"line":48,"column":null}},{"start":{"line":46,"column":4},"end":{"line":48,"column":null}}]},"5":{"loc":{"start":{"line":78,"column":4},"end":{"line":80,"column":null}},"type":"if","locations":[{"start":{"line":78,"column":4},"end":{"line":80,"column":null}},{"start":{"line":78,"column":4},"end":{"line":80,"column":null}}]},"6":{"loc":{"start":{"line":84,"column":4},"end":{"line":86,"column":null}},"type":"if","locations":[{"start":{"line":84,"column":4},"end":{"line":86,"column":null}},{"start":{"line":84,"column":4},"end":{"line":86,"column":null}}]},"7":{"loc":{"start":{"line":99,"column":4},"end":{"line":101,"column":null}},"type":"if","locations":[{"start":{"line":99,"column":4},"end":{"line":101,"column":null}},{"start":{"line":99,"column":4},"end":{"line":101,"column":null}}]},"8":{"loc":{"start":{"line":104,"column":4},"end":{"line":106,"column":null}},"type":"if","locations":[{"start":{"line":104,"column":4},"end":{"line":106,"column":null}},{"start":{"line":104,"column":4},"end":{"line":106,"column":null}}]},"9":{"loc":{"start":{"line":123,"column":4},"end":{"line":125,"column":null}},"type":"if","locations":[{"start":{"line":123,"column":4},"end":{"line":125,"column":null}},{"start":{"line":123,"column":4},"end":{"line":125,"column":null}}]},"10":{"loc":{"start":{"line":136,"column":4},"end":{"line":138,"column":null}},"type":"if","locations":[{"start":{"line":136,"column":4},"end":{"line":138,"column":null}},{"start":{"line":136,"column":4},"end":{"line":138,"column":null}}]}},"s":{"0":4,"1":4,"2":4,"3":4,"4":4,"5":7,"6":7,"7":14,"8":4,"9":8,"10":8,"11":1,"12":0,"13":0,"14":4,"15":8,"16":8,"17":8,"18":8,"19":8,"20":8,"21":8,"22":8,"23":0,"24":8,"25":0,"26":8,"27":0,"28":8,"29":8,"30":16,"31":9,"32":14,"33":1,"34":8,"35":0,"36":4,"37":2,"38":2,"39":2,"40":0,"41":2,"42":2,"43":2,"44":1,"45":1,"46":1,"47":1,"48":0,"49":4,"50":1,"51":1,"52":1,"53":0,"54":1,"55":1,"56":1,"57":0,"58":1,"59":2,"60":1,"61":0,"62":4,"63":1,"64":1,"65":1,"66":1,"67":1,"68":0,"69":1,"70":0,"71":4,"72":0,"73":0,"74":0,"75":0,"76":0,"77":0,"78":0,"79":0},"f":{"0":7,"1":7,"2":8,"3":8,"4":8,"5":8,"6":2,"7":2,"8":1,"9":1,"10":1,"11":1,"12":0,"13":0},"b":{"0":[1,7],"1":[0,1],"2":[0,8],"3":[0,8],"4":[0,8],"5":[0,2],"6":[1,1],"7":[0,1],"8":[0,1],"9":[0,1],"10":[0,0]}}
,"/Users/elufioyemichael/vms/fliqpay/src/api/v1/comments/commentModel.ts": {"path":"/Users/elufioyemichael/vms/fliqpay/src/api/v1/comments/commentModel.ts","statementMap":{"0":{"start":{"line":1,"column":0},"end":{"line":1,"column":32}},"1":{"start":{"line":3,"column":0},"end":{"line":3,"column":50}},"2":{"start":{"line":27,"column":22},"end":{"line":63,"column":null}},"3":{"start":{"line":58,"column":8},"end":{"line":58,"column":25}},"4":{"start":{"line":59,"column":8},"end":{"line":59,"column":23}},"5":{"start":{"line":60,"column":8},"end":{"line":60,"column":23}},"6":{"start":{"line":66,"column":0},"end":{"line":68,"column":2}},"7":{"start":{"line":67,"column":2},"end":{"line":67,"column":28}},"8":{"start":{"line":72,"column":16},"end":{"line":74,"column":null}},"9":{"start":{"line":77,"column":9},"end":{"line":77,"column":16}}},"fnMap":{"0":{"name":"(anonymous_1)","decl":{"start":{"line":57,"column":15},"end":{"line":57,"column":16}},"loc":{"start":{"line":57,"column":24},"end":{"line":61,"column":7}}},"1":{"name":"(anonymous_2)","decl":{"start":{"line":66,"column":30},"end":{"line":66,"column":31}},"loc":{"start":{"line":66,"column":50},"end":{"line":68,"column":1}}}},"branchMap":{},"s":{"0":4,"1":4,"2":4,"3":11,"4":11,"5":11,"6":4,"7":8,"8":4,"9":4},"f":{"0":11,"1":8},"b":{}}
,"/Users/elufioyemichael/vms/fliqpay/src/api/v1/comments/commentRouter.ts": {"path":"/Users/elufioyemichael/vms/fliqpay/src/api/v1/comments/commentRouter.ts","statementMap":{"0":{"start":{"line":1,"column":0},"end":{"line":1,"column":30}},"1":{"start":{"line":2,"column":0},"end":{"line":2,"column":41}},"2":{"start":{"line":3,"column":0},"end":{"line":3,"column":66}},"3":{"start":{"line":5,"column":0},"end":{"line":5,"column":null}},"4":{"start":{"line":12,"column":0},"end":{"line":12,"column":72}},"5":{"start":{"line":13,"column":0},"end":{"line":13,"column":57}},"6":{"start":{"line":14,"column":0},"end":{"line":14,"column":77}},"7":{"start":{"line":16,"column":15},"end":{"line":16,"column":31}},"8":{"start":{"line":36,"column":19},"end":{"line":36,"column":32}},"9":{"start":{"line":18,"column":0},"end":{"line":22,"column":52}},"10":{"start":{"line":24,"column":0},"end":{"line":34,"column":46}}},"fnMap":{},"branchMap":{},"s":{"0":4,"1":4,"2":4,"3":4,"4":4,"5":4,"6":4,"7":4,"8":4,"9":4,"10":4},"f":{},"b":{}}
,"/Users/elufioyemichael/vms/fliqpay/src/api/v1/middlewares/checkIfAllowedComment.ts": {"path":"/Users/elufioyemichael/vms/fliqpay/src/api/v1/middlewares/checkIfAllowedComment.ts","statementMap":{"0":{"start":{"line":2,"column":0},"end":{"line":2,"column":50}},"1":{"start":{"line":3,"column":0},"end":{"line":3,"column":47}},"2":{"start":{"line":4,"column":0},"end":{"line":4,"column":41}},"3":{"start":{"line":6,"column":13},"end":{"line":41,"column":2}},"4":{"start":{"line":9,"column":20},"end":{"line":41,"column":2}},"5":{"start":{"line":11,"column":10},"end":{"line":11,"column":23}},"6":{"start":{"line":13,"column":2},"end":{"line":15,"column":null}},"7":{"start":{"line":14,"column":4},"end":{"line":14,"column":69}},"8":{"start":{"line":17,"column":13},"end":{"line":17,"column":null}},"9":{"start":{"line":17,"column":6},"end":{"line":17,"column":null}},"10":{"start":{"line":19,"column":2},"end":{"line":21,"column":null}},"11":{"start":{"line":20,"column":4},"end":{"line":20,"column":68}},"12":{"start":{"line":23,"column":6},"end":{"line":23,"column":10}},"13":{"start":{"line":24,"column":26},"end":{"line":27,"column":null}},"14":{"start":{"line":24,"column":10},"end":{"line":27,"column":null}},"15":{"start":{"line":29,"column":4},"end":{"line":35,"column":null}},"16":{"start":{"line":30,"column":6},"end":{"line":30,"column":13}},"17":{"start":{"line":32,"column":6},"end":{"line":34,"column":80}},"18":{"start":{"line":37,"column":4},"end":{"line":37,"column":11}}},"fnMap":{"0":{"name":"(anonymous_13)","decl":{"start":{"line":6,"column":37},"end":{"line":6,"column":null}},"loc":{"start":{"line":9,"column":20},"end":{"line":41,"column":2}}},"1":{"name":"(anonymous_14)","decl":{"start":{"line":9,"column":20},"end":{"line":9,"column":null}},"loc":{"start":{"line":9,"column":20},"end":{"line":41,"column":2}}}},"branchMap":{"0":{"loc":{"start":{"line":13,"column":2},"end":{"line":15,"column":null}},"type":"if","locations":[{"start":{"line":13,"column":2},"end":{"line":15,"column":null}},{"start":{"line":13,"column":2},"end":{"line":15,"column":null}}]},"1":{"loc":{"start":{"line":19,"column":2},"end":{"line":21,"column":null}},"type":"if","locations":[{"start":{"line":19,"column":2},"end":{"line":21,"column":null}},{"start":{"line":19,"column":2},"end":{"line":21,"column":null}}]},"2":{"loc":{"start":{"line":23,"column":6},"end":{"line":23,"column":10}},"type":"if","locations":[{"start":{"line":23,"column":6},"end":{"line":23,"column":10}},{"start":{"line":23,"column":6},"end":{"line":23,"column":10}}]},"3":{"loc":{"start":{"line":29,"column":4},"end":{"line":35,"column":null}},"type":"if","locations":[{"start":{"line":29,"column":4},"end":{"line":35,"column":null}},{"start":{"line":29,"column":4},"end":{"line":35,"column":null}}]}},"s":{"0":4,"1":4,"2":4,"3":4,"4":9,"5":9,"6":9,"7":0,"8":9,"9":9,"10":9,"11":0,"12":16,"13":2,"14":2,"15":2,"16":1,"17":1,"18":7},"f":{"0":9,"1":9},"b":{"0":[0,9],"1":[0,9],"2":[7,2],"3":[1,1]}}
,"/Users/elufioyemichael/vms/fliqpay/src/api/v1/middlewares/decodeToken.ts": {"path":"/Users/elufioyemichael/vms/fliqpay/src/api/v1/middlewares/decodeToken.ts","statementMap":{"0":{"start":{"line":2,"column":0},"end":{"line":2,"column":31}},"1":{"start":{"line":19,"column":13},"end":{"line":37,"column":2}},"2":{"start":{"line":24,"column":2},"end":{"line":26,"column":null}},"3":{"start":{"line":25,"column":4},"end":{"line":25,"column":70}},"4":{"start":{"line":28,"column":2},"end":{"line":35,"column":18}},"5":{"start":{"line":29,"column":20},"end":{"line":31,"column":null}},"6":{"start":{"line":34,"column":4},"end":{"line":34,"column":30}},"7":{"start":{"line":36,"column":2},"end":{"line":36,"column":9}}},"fnMap":{"0":{"name":"(anonymous_1)","decl":{"start":{"line":19,"column":27},"end":{"line":19,"column":null}},"loc":{"start":{"line":22,"column":20},"end":{"line":37,"column":1}}}},"branchMap":{"0":{"loc":{"start":{"line":24,"column":2},"end":{"line":26,"column":null}},"type":"if","locations":[{"start":{"line":24,"column":2},"end":{"line":26,"column":null}},{"start":{"line":24,"column":2},"end":{"line":26,"column":null}}]},"1":{"loc":{"start":{"line":24,"column":18},"end":{"line":24,"column":20}},"type":"cond-expr","locations":[{"start":{"line":24,"column":18},"end":{"line":24,"column":20}},{"start":{"line":24,"column":18},"end":{"line":24,"column":23}}]},"2":{"loc":{"start":{"line":24,"column":6},"end":{"line":24,"column":20}},"type":"binary-expr","locations":[{"start":{"line":24,"column":6},"end":{"line":24,"column":20}},{"start":{"line":24,"column":18},"end":{"line":24,"column":20}}]}},"s":{"0":4,"1":4,"2":35,"3":3,"4":32,"5":32,"6":32,"7":32},"f":{"0":35},"b":{"0":[3,32],"1":[0,35],"2":[35,35]}}
,"/Users/elufioyemichael/vms/fliqpay/src/api/v1/middlewares/require-auth.ts": {"path":"/Users/elufioyemichael/vms/fliqpay/src/api/v1/middlewares/require-auth.ts","statementMap":{"0":{"start":{"line":2,"column":0},"end":{"line":2,"column":41}},"1":{"start":{"line":3,"column":0},"end":{"line":3,"column":50}},"2":{"start":{"line":5,"column":13},"end":{"line":15,"column":2}},"3":{"start":{"line":10,"column":2},"end":{"line":12,"column":null}},"4":{"start":{"line":11,"column":4},"end":{"line":11,"column":70}},"5":{"start":{"line":14,"column":2},"end":{"line":14,"column":9}},"6":{"start":{"line":17,"column":13},"end":{"line":35,"column":2}},"7":{"start":{"line":20,"column":20},"end":{"line":35,"column":2}},"8":{"start":{"line":22,"column":2},"end":{"line":24,"column":null}},"9":{"start":{"line":23,"column":4},"end":{"line":23,"column":70}},"10":{"start":{"line":26,"column":13},"end":{"line":26,"column":null}},"11":{"start":{"line":26,"column":6},"end":{"line":26,"column":null}},"12":{"start":{"line":28,"column":2},"end":{"line":32,"column":null}},"13":{"start":{"line":29,"column":4},"end":{"line":31,"column":78}},"14":{"start":{"line":34,"column":2},"end":{"line":34,"column":9}}},"fnMap":{"0":{"name":"(anonymous_13)","decl":{"start":{"line":5,"column":27},"end":{"line":5,"column":null}},"loc":{"start":{"line":8,"column":20},"end":{"line":15,"column":1}}},"1":{"name":"(anonymous_14)","decl":{"start":{"line":17,"column":28},"end":{"line":17,"column":null}},"loc":{"start":{"line":20,"column":20},"end":{"line":35,"column":2}}},"2":{"name":"(anonymous_15)","decl":{"start":{"line":20,"column":20},"end":{"line":20,"column":null}},"loc":{"start":{"line":20,"column":20},"end":{"line":35,"column":2}}}},"branchMap":{"0":{"loc":{"start":{"line":10,"column":2},"end":{"line":12,"column":null}},"type":"if","locations":[{"start":{"line":10,"column":2},"end":{"line":12,"column":null}},{"start":{"line":10,"column":2},"end":{"line":12,"column":null}}]},"1":{"loc":{"start":{"line":22,"column":2},"end":{"line":24,"column":null}},"type":"if","locations":[{"start":{"line":22,"column":2},"end":{"line":24,"column":null}},{"start":{"line":22,"column":2},"end":{"line":24,"column":null}}]},"2":{"loc":{"start":{"line":28,"column":2},"end":{"line":32,"column":null}},"type":"if","locations":[{"start":{"line":28,"column":2},"end":{"line":32,"column":null}},{"start":{"line":28,"column":2},"end":{"line":32,"column":null}}]},"3":{"loc":{"start":{"line":28,"column":10},"end":{"line":28,"column":12}},"type":"cond-expr","locations":[{"start":{"line":28,"column":10},"end":{"line":28,"column":12}},{"start":{"line":28,"column":6},"end":{"line":28,"column":16}}]},"4":{"loc":{"start":{"line":28,"column":6},"end":{"line":28,"column":12}},"type":"binary-expr","locations":[{"start":{"line":28,"column":6},"end":{"line":28,"column":12}},{"start":{"line":28,"column":6},"end":{"line":28,"column":12}}]}},"s":{"0":4,"1":4,"2":4,"3":29,"4":0,"5":29,"6":4,"7":3,"8":3,"9":0,"10":3,"11":3,"12":3,"13":2,"14":1},"f":{"0":29,"1":3,"2":3},"b":{"0":[0,29],"1":[0,3],"2":[2,1],"3":[0,3],"4":[3,3]}}
,"/Users/elufioyemichael/vms/fliqpay/src/api/v1/middlewares/validate-request.ts": {"path":"/Users/elufioyemichael/vms/fliqpay/src/api/v1/middlewares/validate-request.ts","statementMap":{"0":{"start":{"line":2,"column":0},"end":{"line":2,"column":53}},"1":{"start":{"line":4,"column":13},"end":{"line":15,"column":2}},"2":{"start":{"line":9,"column":17},"end":{"line":9,"column":38}},"3":{"start":{"line":11,"column":2},"end":{"line":13,"column":null}},"4":{"start":{"line":12,"column":4},"end":{"line":12,"column":48}},"5":{"start":{"line":14,"column":2},"end":{"line":14,"column":9}}},"fnMap":{"0":{"name":"(anonymous_0)","decl":{"start":{"line":4,"column":31},"end":{"line":4,"column":null}},"loc":{"start":{"line":7,"column":20},"end":{"line":15,"column":1}}}},"branchMap":{"0":{"loc":{"start":{"line":11,"column":2},"end":{"line":13,"column":null}},"type":"if","locations":[{"start":{"line":11,"column":2},"end":{"line":13,"column":null}},{"start":{"line":11,"column":2},"end":{"line":13,"column":null}}]}},"s":{"0":4,"1":4,"2":49,"3":49,"4":7,"5":42},"f":{"0":49},"b":{"0":[7,42]}}
,"/Users/elufioyemichael/vms/fliqpay/src/api/v1/services/password.ts": {"path":"/Users/elufioyemichael/vms/fliqpay/src/api/v1/services/password.ts","statementMap":{"0":{"start":{"line":1,"column":0},"end":{"line":1,"column":45}},"1":{"start":{"line":2,"column":0},"end":{"line":2,"column":33}},"2":{"start":{"line":4,"column":20},"end":{"line":4,"column":37}},"3":{"start":{"line":6,"column":0},"end":{"line":6,"column":13}},"4":{"start":{"line":7,"column":15},"end":{"line":12,"column":null}},"5":{"start":{"line":8,"column":10},"end":{"line":8,"column":48}},"6":{"start":{"line":9,"column":17},"end":{"line":9,"column":65}},"7":{"start":{"line":9,"column":10},"end":{"line":9,"column":null}},"8":{"start":{"line":11,"column":4},"end":{"line":11,"column":44}},"9":{"start":{"line":14,"column":15},"end":{"line":19,"column":null}},"10":{"start":{"line":15,"column":10},"end":{"line":15,"column":35}},"11":{"start":{"line":16,"column":17},"end":{"line":16,"column":73}},"12":{"start":{"line":16,"column":10},"end":{"line":16,"column":null}},"13":{"start":{"line":18,"column":4},"end":{"line":18,"column":50}},"14":{"start":{"line":20,"column":0},"end":{"line":20,"column":null}},"15":{"start":{"line":6,"column":13},"end":{"line":6,"column":21}}},"fnMap":{"0":{"name":"(anonymous_13)","decl":{"start":{"line":6,"column":0},"end":{"line":6,"column":13}},"loc":{"start":{"line":6,"column":0},"end":{"line":20,"column":null}}},"1":{"name":"(anonymous_15)","decl":{"start":{"line":7,"column":2},"end":{"line":7,"column":15}},"loc":{"start":{"line":7,"column":38},"end":{"line":12,"column":null}}},"2":{"name":"(anonymous_18)","decl":{"start":{"line":14,"column":2},"end":{"line":14,"column":15}},"loc":{"start":{"line":14,"column":71},"end":{"line":19,"column":null}}}},"branchMap":{},"s":{"0":4,"1":4,"2":4,"3":4,"4":4,"5":20,"6":20,"7":20,"8":20,"9":4,"10":2,"11":2,"12":2,"13":2,"14":4,"15":4},"f":{"0":4,"1":20,"2":2},"b":{}}
,"/Users/elufioyemichael/vms/fliqpay/src/api/v1/services/ticketStatus.ts": {"path":"/Users/elufioyemichael/vms/fliqpay/src/api/v1/services/ticketStatus.ts","statementMap":{"0":{"start":{"line":2,"column":0},"end":{"line":2,"column":null}},"1":{"start":{"line":3,"column":2},"end":{"line":3,"column":null}},"2":{"start":{"line":4,"column":2},"end":{"line":4,"column":null}},"3":{"start":{"line":5,"column":2},"end":{"line":5,"column":null}}},"fnMap":{"0":{"name":"(anonymous_0)","decl":{"start":{"line":2,"column":0},"end":{"line":2,"column":12}},"loc":{"start":{"line":2,"column":24},"end":{"line":6,"column":1}}}},"branchMap":{"0":{"loc":{"start":{"line":2,"column":12},"end":{"line":2,"column":24}},"type":"binary-expr","locations":[{"start":{"line":2,"column":12},"end":{"line":2,"column":24}},{"start":{"line":2,"column":12},"end":{"line":2,"column":null}}]}},"s":{"0":4,"1":4,"2":4,"3":4},"f":{"0":4},"b":{"0":[4,4]}}
,"/Users/elufioyemichael/vms/fliqpay/src/api/v1/services/userRoles.ts": {"path":"/Users/elufioyemichael/vms/fliqpay/src/api/v1/services/userRoles.ts","statementMap":{"0":{"start":{"line":1,"column":0},"end":{"line":1,"column":null}},"1":{"start":{"line":2,"column":2},"end":{"line":2,"column":null}},"2":{"start":{"line":3,"column":2},"end":{"line":3,"column":null}},"3":{"start":{"line":4,"column":2},"end":{"line":4,"column":null}}},"fnMap":{"0":{"name":"(anonymous_0)","decl":{"start":{"line":1,"column":0},"end":{"line":1,"column":12}},"loc":{"start":{"line":1,"column":21},"end":{"line":5,"column":1}}}},"branchMap":{"0":{"loc":{"start":{"line":1,"column":12},"end":{"line":1,"column":21}},"type":"binary-expr","locations":[{"start":{"line":1,"column":12},"end":{"line":1,"column":21}},{"start":{"line":1,"column":12},"end":{"line":1,"column":null}}]}},"s":{"0":4,"1":4,"2":4,"3":4},"f":{"0":4},"b":{"0":[4,4]}}
,"/Users/elufioyemichael/vms/fliqpay/src/api/v1/ticket/ticketController.ts": {"path":"/Users/elufioyemichael/vms/fliqpay/src/api/v1/ticket/ticketController.ts","statementMap":{"0":{"start":{"line":2,"column":0},"end":{"line":2,"column":53}},"1":{"start":{"line":3,"column":0},"end":{"line":3,"column":50}},"2":{"start":{"line":4,"column":0},"end":{"line":4,"column":41}},"3":{"start":{"line":5,"column":0},"end":{"line":5,"column":37}},"4":{"start":{"line":6,"column":0},"end":{"line":6,"column":35}},"5":{"start":{"line":8,"column":0},"end":{"line":8,"column":38}},"6":{"start":{"line":10,"column":13},"end":{"line":32,"column":2}},"7":{"start":{"line":13,"column":21},"end":{"line":32,"column":2}},"8":{"start":{"line":16,"column":12},"end":{"line":16,"column":22}},"9":{"start":{"line":18,"column":10},"end":{"line":24,"column":7}},"10":{"start":{"line":26,"column":4},"end":{"line":26,"column":24}},"11":{"start":{"line":28,"column":4},"end":{"line":28,"column":33}},"12":{"start":{"line":30,"column":4},"end":{"line":30,"column":69}},"13":{"start":{"line":34,"column":13},"end":{"line":52,"column":2}},"14":{"start":{"line":34,"column":64},"end":{"line":52,"column":2}},"15":{"start":{"line":36,"column":12},"end":{"line":36,"column":30}},"16":{"start":{"line":37,"column":10},"end":{"line":37,"column":21}},"17":{"start":{"line":38,"column":10},"end":{"line":38,"column":38}},"18":{"start":{"line":39,"column":20},"end":{"line":42,"column":null}},"19":{"start":{"line":39,"column":10},"end":{"line":42,"column":null}},"20":{"start":{"line":44,"column":4},"end":{"line":46,"column":null}},"21":{"start":{"line":45,"column":6},"end":{"line":45,"column":70}},"22":{"start":{"line":48,"column":4},"end":{"line":48,"column":34}},"23":{"start":{"line":50,"column":4},"end":{"line":50,"column":69}},"24":{"start":{"line":54,"column":13},"end":{"line":78,"column":2}},"25":{"start":{"line":54,"column":65},"end":{"line":78,"column":2}},"26":{"start":{"line":56,"column":12},"end":{"line":56,"column":25}},"27":{"start":{"line":57,"column":4},"end":{"line":59,"column":null}},"28":{"start":{"line":58,"column":6},"end":{"line":58,"column":71}},"29":{"start":{"line":61,"column":19},"end":{"line":61,"column":null}},"30":{"start":{"line":61,"column":10},"end":{"line":61,"column":null}},"31":{"start":{"line":62,"column":17},"end":{"line":62,"column":null}},"32":{"start":{"line":62,"column":10},"end":{"line":62,"column":null}},"33":{"start":{"line":64,"column":4},"end":{"line":66,"column":null}},"34":{"start":{"line":65,"column":6},"end":{"line":65,"column":67}},"35":{"start":{"line":68,"column":4},"end":{"line":72,"column":null}},"36":{"start":{"line":69,"column":6},"end":{"line":71,"column":null}},"37":{"start":{"line":70,"column":8},"end":{"line":70,"column":74}},"38":{"start":{"line":74,"column":4},"end":{"line":74,"column":21}},"39":{"start":{"line":76,"column":4},"end":{"line":76,"column":69}},"40":{"start":{"line":80,"column":13},"end":{"line":103,"column":2}},"41":{"start":{"line":80,"column":68},"end":{"line":103,"column":2}},"42":{"start":{"line":82,"column":12},"end":{"line":82,"column":25}},"43":{"start":{"line":83,"column":12},"end":{"line":83,"column":23}},"44":{"start":{"line":84,"column":4},"end":{"line":86,"column":null}},"45":{"start":{"line":85,"column":6},"end":{"line":85,"column":71}},"46":{"start":{"line":87,"column":19},"end":{"line":87,"column":null}},"47":{"start":{"line":87,"column":10},"end":{"line":87,"column":null}},"48":{"start":{"line":89,"column":4},"end":{"line":91,"column":null}},"49":{"start":{"line":90,"column":6},"end":{"line":90,"column":72}},"50":{"start":{"line":93,"column":4},"end":{"line":95,"column":7}},"51":{"start":{"line":97,"column":4},"end":{"line":97,"column":24}},"52":{"start":{"line":99,"column":4},"end":{"line":99,"column":21}},"53":{"start":{"line":101,"column":4},"end":{"line":101,"column":69}},"54":{"start":{"line":105,"column":13},"end":{"line":113,"column":2}},"55":{"start":{"line":105,"column":63},"end":{"line":113,"column":2}},"56":{"start":{"line":107,"column":20},"end":{"line":107,"column":null}},"57":{"start":{"line":107,"column":10},"end":{"line":107,"column":null}},"58":{"start":{"line":109,"column":4},"end":{"line":109,"column":34}},"59":{"start":{"line":111,"column":4},"end":{"line":111,"column":69}},"60":{"start":{"line":115,"column":13},"end":{"line":131,"column":2}},"61":{"start":{"line":115,"column":66},"end":{"line":131,"column":2}},"62":{"start":{"line":117,"column":10},"end":{"line":117,"column":60}},"63":{"start":{"line":118,"column":10},"end":{"line":118,"column":70}},"64":{"start":{"line":119,"column":20},"end":{"line":125,"column":null}},"65":{"start":{"line":119,"column":10},"end":{"line":125,"column":null}},"66":{"start":{"line":127,"column":4},"end":{"line":127,"column":22}},"67":{"start":{"line":129,"column":4},"end":{"line":129,"column":69}},"68":{"start":{"line":133,"column":13},"end":{"line":201,"column":2}},"69":{"start":{"line":133,"column":61},"end":{"line":201,"column":2}},"70":{"start":{"line":135,"column":10},"end":{"line":135,"column":60}},"71":{"start":{"line":136,"column":10},"end":{"line":136,"column":70}},"72":{"start":{"line":137,"column":20},"end":{"line":143,"column":null}},"73":{"start":{"line":137,"column":10},"end":{"line":143,"column":null}},"74":{"start":{"line":145,"column":8},"end":{"line":145,"column":25}},"75":{"start":{"line":147,"column":4},"end":{"line":147,"column":50}},"76":{"start":{"line":147,"column":28},"end":{"line":147,"column":49}},"77":{"start":{"line":149,"column":10},"end":{"line":165,"column":6}},"78":{"start":{"line":167,"column":4},"end":{"line":176,"column":null}},"79":{"start":{"line":168,"column":6},"end":{"line":175,"column":9}},"80":{"start":{"line":169,"column":8},"end":{"line":171,"column":null}},"81":{"start":{"line":170,"column":10},"end":{"line":170,"column":20}},"82":{"start":{"line":197,"column":4},"end":{"line":197,"column":22}},"83":{"start":{"line":199,"column":4},"end":{"line":199,"column":69}}},"fnMap":{"0":{"name":"(anonymous_14)","decl":{"start":{"line":10,"column":28},"end":{"line":10,"column":null}},"loc":{"start":{"line":13,"column":21},"end":{"line":32,"column":2}}},"1":{"name":"(anonymous_15)","decl":{"start":{"line":13,"column":21},"end":{"line":13,"column":null}},"loc":{"start":{"line":13,"column":21},"end":{"line":32,"column":2}}},"2":{"name":"(anonymous_17)","decl":{"start":{"line":34,"column":30},"end":{"line":34,"column":37}},"loc":{"start":{"line":34,"column":64},"end":{"line":52,"column":2}}},"3":{"name":"(anonymous_18)","decl":{"start":{"line":34,"column":64},"end":{"line":34,"column":null}},"loc":{"start":{"line":34,"column":64},"end":{"line":52,"column":2}}},"4":{"name":"(anonymous_20)","decl":{"start":{"line":54,"column":31},"end":{"line":54,"column":38}},"loc":{"start":{"line":54,"column":65},"end":{"line":78,"column":2}}},"5":{"name":"(anonymous_21)","decl":{"start":{"line":54,"column":65},"end":{"line":54,"column":null}},"loc":{"start":{"line":54,"column":65},"end":{"line":78,"column":2}}},"6":{"name":"(anonymous_23)","decl":{"start":{"line":80,"column":34},"end":{"line":80,"column":41}},"loc":{"start":{"line":80,"column":68},"end":{"line":103,"column":2}}},"7":{"name":"(anonymous_24)","decl":{"start":{"line":80,"column":68},"end":{"line":80,"column":null}},"loc":{"start":{"line":80,"column":68},"end":{"line":103,"column":2}}},"8":{"name":"(anonymous_26)","decl":{"start":{"line":105,"column":29},"end":{"line":105,"column":36}},"loc":{"start":{"line":105,"column":63},"end":{"line":113,"column":2}}},"9":{"name":"(anonymous_27)","decl":{"start":{"line":105,"column":63},"end":{"line":105,"column":null}},"loc":{"start":{"line":105,"column":63},"end":{"line":113,"column":2}}},"10":{"name":"(anonymous_29)","decl":{"start":{"line":115,"column":32},"end":{"line":115,"column":39}},"loc":{"start":{"line":115,"column":66},"end":{"line":131,"column":2}}},"11":{"name":"(anonymous_30)","decl":{"start":{"line":115,"column":66},"end":{"line":115,"column":null}},"loc":{"start":{"line":115,"column":66},"end":{"line":131,"column":2}}},"12":{"name":"(anonymous_32)","decl":{"start":{"line":133,"column":27},"end":{"line":133,"column":34}},"loc":{"start":{"line":133,"column":61},"end":{"line":201,"column":2}}},"13":{"name":"(anonymous_33)","decl":{"start":{"line":133,"column":61},"end":{"line":133,"column":null}},"loc":{"start":{"line":133,"column":61},"end":{"line":201,"column":2}}},"14":{"name":"(anonymous_35)","decl":{"start":{"line":147,"column":16},"end":{"line":147,"column":17}},"loc":{"start":{"line":147,"column":23},"end":{"line":147,"column":39}}},"15":{"name":"(anonymous_36)","decl":{"start":{"line":168,"column":24},"end":{"line":168,"column":25}},"loc":{"start":{"line":168,"column":33},"end":{"line":175,"column":7}}}},"branchMap":{"0":{"loc":{"start":{"line":36,"column":19},"end":{"line":36,"column":20}},"type":"cond-expr","locations":[{"start":{"line":36,"column":19},"end":{"line":36,"column":20}},{"start":{"line":36,"column":20},"end":{"line":36,"column":30}}]},"1":{"loc":{"start":{"line":44,"column":4},"end":{"line":46,"column":null}},"type":"if","locations":[{"start":{"line":44,"column":4},"end":{"line":46,"column":null}},{"start":{"line":44,"column":4},"end":{"line":46,"column":null}}]},"2":{"loc":{"start":{"line":57,"column":4},"end":{"line":59,"column":null}},"type":"if","locations":[{"start":{"line":57,"column":4},"end":{"line":59,"column":null}},{"start":{"line":57,"column":4},"end":{"line":59,"column":null}}]},"3":{"loc":{"start":{"line":64,"column":4},"end":{"line":66,"column":null}},"type":"if","locations":[{"start":{"line":64,"column":4},"end":{"line":66,"column":null}},{"start":{"line":64,"column":4},"end":{"line":66,"column":null}}]},"4":{"loc":{"start":{"line":68,"column":4},"end":{"line":72,"column":null}},"type":"if","locations":[{"start":{"line":68,"column":4},"end":{"line":72,"column":null}},{"start":{"line":68,"column":4},"end":{"line":72,"column":null}}]},"5":{"loc":{"start":{"line":68,"column":12},"end":{"line":68,"column":14}},"type":"cond-expr","locations":[{"start":{"line":68,"column":12},"end":{"line":68,"column":14}},{"start":{"line":68,"column":8},"end":{"line":68,"column":18}}]},"6":{"loc":{"start":{"line":68,"column":8},"end":{"line":68,"column":14}},"type":"binary-expr","locations":[{"start":{"line":68,"column":8},"end":{"line":68,"column":14}},{"start":{"line":68,"column":8},"end":{"line":68,"column":14}}]},"7":{"loc":{"start":{"line":69,"column":6},"end":{"line":71,"column":null}},"type":"if","locations":[{"start":{"line":69,"column":6},"end":{"line":71,"column":null}},{"start":{"line":69,"column":6},"end":{"line":71,"column":null}}]},"8":{"loc":{"start":{"line":84,"column":4},"end":{"line":86,"column":null}},"type":"if","locations":[{"start":{"line":84,"column":4},"end":{"line":86,"column":null}},{"start":{"line":84,"column":4},"end":{"line":86,"column":null}}]},"9":{"loc":{"start":{"line":89,"column":4},"end":{"line":91,"column":null}},"type":"if","locations":[{"start":{"line":89,"column":4},"end":{"line":91,"column":null}},{"start":{"line":89,"column":4},"end":{"line":91,"column":null}}]},"10":{"loc":{"start":{"line":167,"column":4},"end":{"line":176,"column":null}},"type":"if","locations":[{"start":{"line":167,"column":4},"end":{"line":176,"column":null}},{"start":{"line":167,"column":4},"end":{"line":176,"column":null}}]},"11":{"loc":{"start":{"line":169,"column":8},"end":{"line":171,"column":null}},"type":"if","locations":[{"start":{"line":169,"column":8},"end":{"line":171,"column":null}},{"start":{"line":169,"column":8},"end":{"line":171,"column":null}}]}},"s":{"0":4,"1":4,"2":4,"3":4,"4":4,"5":4,"6":4,"7":11,"8":11,"9":11,"10":22,"11":11,"12":0,"13":4,"14":0,"15":0,"16":0,"17":0,"18":0,"19":0,"20":0,"21":0,"22":0,"23":0,"24":4,"25":3,"26":3,"27":3,"28":0,"29":3,"30":3,"31":3,"32":3,"33":3,"34":1,"35":2,"36":0,"37":0,"38":2,"39":0,"40":4,"41":1,"42":1,"43":1,"44":1,"45":0,"46":1,"47":1,"48":1,"49":0,"50":1,"51":2,"52":1,"53":0,"54":4,"55":0,"56":0,"57":0,"58":0,"59":0,"60":4,"61":0,"62":0,"63":0,"64":0,"65":0,"66":0,"67":0,"68":4,"69":0,"70":0,"71":0,"72":0,"73":0,"74":0,"75":0,"76":0,"77":0,"78":0,"79":0,"80":0,"81":0,"82":0,"83":0},"f":{"0":11,"1":11,"2":0,"3":0,"4":3,"5":3,"6":1,"7":1,"8":0,"9":0,"10":0,"11":0,"12":0,"13":0,"14":0,"15":0},"b":{"0":[0,0],"1":[0,0],"2":[0,3],"3":[1,2],"4":[0,2],"5":[2,0],"6":[2,0],"7":[0,0],"8":[0,1],"9":[0,1],"10":[0,0],"11":[0,0]}}
,"/Users/elufioyemichael/vms/fliqpay/src/api/v1/ticket/ticketModel.ts": {"path":"/Users/elufioyemichael/vms/fliqpay/src/api/v1/ticket/ticketModel.ts","statementMap":{"0":{"start":{"line":1,"column":0},"end":{"line":1,"column":32}},"1":{"start":{"line":2,"column":0},"end":{"line":2,"column":9}},"2":{"start":{"line":5,"column":9},"end":{"line":2,"column":56}},"3":{"start":{"line":28,"column":21},"end":{"line":59,"column":null}},"4":{"start":{"line":53,"column":8},"end":{"line":53,"column":25}},"5":{"start":{"line":54,"column":8},"end":{"line":54,"column":23}},"6":{"start":{"line":55,"column":8},"end":{"line":55,"column":23}},"7":{"start":{"line":62,"column":0},"end":{"line":66,"column":3}},"8":{"start":{"line":68,"column":0},"end":{"line":70,"column":2}},"9":{"start":{"line":69,"column":2},"end":{"line":69,"column":27}},"10":{"start":{"line":72,"column":15},"end":{"line":72,"column":77}},"11":{"start":{"line":74,"column":9},"end":{"line":74,"column":15}}},"fnMap":{"0":{"name":"(anonymous_1)","decl":{"start":{"line":5,"column":9},"end":{"line":5,"column":21}},"loc":{"start":{"line":5,"column":9},"end":{"line":2,"column":56}}},"1":{"name":"(anonymous_2)","decl":{"start":{"line":52,"column":15},"end":{"line":52,"column":16}},"loc":{"start":{"line":52,"column":24},"end":{"line":56,"column":7}}},"2":{"name":"(anonymous_3)","decl":{"start":{"line":68,"column":29},"end":{"line":68,"column":30}},"loc":{"start":{"line":68,"column":46},"end":{"line":70,"column":1}}}},"branchMap":{},"s":{"0":4,"1":4,"2":15,"3":4,"4":14,"5":14,"6":14,"7":4,"8":4,"9":11,"10":4,"11":4},"f":{"0":11,"1":14,"2":11},"b":{}}
,"/Users/elufioyemichael/vms/fliqpay/src/api/v1/ticket/ticketRouter.ts": {"path":"/Users/elufioyemichael/vms/fliqpay/src/api/v1/ticket/ticketRouter.ts","statementMap":{"0":{"start":{"line":1,"column":0},"end":{"line":1,"column":30}},"1":{"start":{"line":2,"column":0},"end":{"line":2,"column":41}},"2":{"start":{"line":3,"column":0},"end":{"line":3,"column":66}},"3":{"start":{"line":4,"column":0},"end":{"line":4,"column":null}},"4":{"start":{"line":13,"column":0},"end":{"line":13,"column":58}},"5":{"start":{"line":14,"column":0},"end":{"line":14,"column":57}},"6":{"start":{"line":16,"column":15},"end":{"line":16,"column":31}},"7":{"start":{"line":39,"column":19},"end":{"line":39,"column":31}},"8":{"start":{"line":18,"column":0},"end":{"line":27,"column":49}},"9":{"start":{"line":29,"column":0},"end":{"line":29,"column":72}},"10":{"start":{"line":31,"column":0},"end":{"line":31,"column":40}},"11":{"start":{"line":32,"column":0},"end":{"line":32,"column":69}},"12":{"start":{"line":34,"column":0},"end":{"line":37,"column":55}}},"fnMap":{},"branchMap":{},"s":{"0":4,"1":4,"2":4,"3":4,"4":4,"5":4,"6":4,"7":4,"8":4,"9":4,"10":4,"11":4,"12":4},"f":{},"b":{}}
,"/Users/elufioyemichael/vms/fliqpay/src/server/server.ts": {"path":"/Users/elufioyemichael/vms/fliqpay/src/server/server.ts","statementMap":{"0":{"start":{"line":1,"column":0},"end":{"line":1,"column":53}},"1":{"start":{"line":2,"column":0},"end":{"line":2,"column":47}},"2":{"start":{"line":3,"column":0},"end":{"line":3,"column":24}},"3":{"start":{"line":4,"column":0},"end":{"line":4,"column":43}},"4":{"start":{"line":6,"column":0},"end":{"line":6,"column":36}},"5":{"start":{"line":8,"column":12},"end":{"line":8,"column":21}},"6":{"start":{"line":31,"column":9},"end":{"line":31,"column":12}},"7":{"start":{"line":9,"column":0},"end":{"line":9,"column":29}},"8":{"start":{"line":10,"column":0},"end":{"line":10,"column":16}},"9":{"start":{"line":11,"column":0},"end":{"line":11,"column":41}},"10":{"start":{"line":12,"column":0},"end":{"line":12,"column":16}},"11":{"start":{"line":14,"column":0},"end":{"line":19,"column":2}},"12":{"start":{"line":21,"column":0},"end":{"line":21,"column":21}},"13":{"start":{"line":23,"column":0},"end":{"line":25,"column":3}},"14":{"start":{"line":23,"column":28},"end":{"line":25,"column":2}},"15":{"start":{"line":24,"column":2},"end":{"line":24,"column":61}},"16":{"start":{"line":27,"column":0},"end":{"line":29,"column":3}},"17":{"start":{"line":28,"column":2},"end":{"line":28,"column":47}}},"fnMap":{"0":{"name":"(anonymous_14)","decl":{"start":{"line":23,"column":13},"end":{"line":23,"column":20}},"loc":{"start":{"line":23,"column":28},"end":{"line":25,"column":2}}},"1":{"name":"(anonymous_15)","decl":{"start":{"line":23,"column":28},"end":{"line":23,"column":null}},"loc":{"start":{"line":23,"column":28},"end":{"line":25,"column":2}}},"2":{"name":"(anonymous_17)","decl":{"start":{"line":27,"column":8},"end":{"line":27,"column":9}},"loc":{"start":{"line":27,"column":48},"end":{"line":29,"column":1}}}},"branchMap":{},"s":{"0":4,"1":4,"2":4,"3":4,"4":4,"5":4,"6":4,"7":4,"8":4,"9":4,"10":4,"11":4,"12":4,"13":4,"14":0,"15":0,"16":4,"17":0},"f":{"0":0,"1":0,"2":0},"b":{}}
}
