TN:
SF:src/api/v1/api.ts
FNF:0
FNH:0
DA:1,4
DA:2,4
DA:3,4
DA:4,4
DA:6,4
DA:8,4
DA:9,4
DA:10,4
DA:12,4
LF:9
LH:9
BRF:0
BRH:0
end_of_record
TN:
SF:src/api/v1/auth/userModel.ts
FN:40,(anonymous_14)
FN:50,(anonymous_15)
FN:58,(anonymous_18)
FNF:3
FNH:3
FNDA:22,(anonymous_14)
FNDA:20,(anonymous_15)
FNDA:20,(anonymous_18)
DA:1,4
DA:2,4
DA:3,4
DA:21,4
DA:41,22
DA:42,22
DA:43,22
DA:44,22
DA:50,4
DA:51,20
DA:52,20
DA:53,20
DA:55,20
DA:58,4
DA:59,20
DA:62,4
DA:64,4
LF:17
LH:17
BRDA:51,0,0,0
BRDA:51,0,1,20
BRF:2
BRH:1
end_of_record
TN:
SF:src/api/v1/auth/userRouter.ts
FNF:0
FNH:0
DA:1,4
DA:2,4
DA:3,4
DA:5,4
DA:6,4
DA:7,4
DA:9,4
DA:23,4
DA:43,4
DA:45,4
LF:10
LH:10
BRF:0
BRH:0
end_of_record
TN:
SF:src/api/v1/auth/usercontroller.ts
FN:7,(anonymous_14)
FN:7,(anonymous_15)
FN:39,(anonymous_17)
FN:39,(anonymous_18)
FN:68,(anonymous_20)
FN:71,(anonymous_21)
FNF:6
FNH:4
FNDA:3,(anonymous_14)
FNDA:3,(anonymous_15)
FNDA:20,(anonymous_17)
FNDA:20,(anonymous_18)
FNDA:0,(anonymous_20)
FNDA:0,(anonymous_21)
DA:3,4
DA:4,4
DA:5,4
DA:7,4
DA:8,3
DA:10,3
DA:12,3
DA:13,1
DA:16,2
DA:18,2
DA:19,1
DA:23,1
DA:32,1
DA:36,1
DA:39,20
DA:40,20
DA:42,20
DA:44,20
DA:45,0
DA:48,20
DA:49,40
DA:52,20
DA:61,20
DA:65,20
DA:68,4
DA:71,0
DA:73,0
LF:27
LH:24
BRDA:12,0,0,1
BRDA:12,0,1,2
BRDA:18,1,0,1
BRDA:18,1,1,1
BRDA:44,2,0,0
BRDA:44,2,1,20
BRDA:73,3,0,0
BRDA:73,3,1,0
BRF:8
BRH:5
end_of_record
TN:
SF:src/api/v1/comments/commentController.ts
FN:7,(anonymous_13)
FN:7,(anonymous_14)
FN:15,(anonymous_16)
FN:19,(anonymous_17)
FN:31,(anonymous_19)
FN:31,(anonymous_20)
FN:74,(anonymous_22)
FN:74,(anonymous_23)
FN:95,(anonymous_25)
FN:95,(anonymous_26)
FN:117,(anonymous_28)
FN:117,(anonymous_29)
FN:133,(anonymous_31)
FN:133,(anonymous_32)
FNF:14
FNH:12
FNDA:7,(anonymous_13)
FNDA:7,(anonymous_14)
FNDA:8,(anonymous_16)
FNDA:8,(anonymous_17)
FNDA:8,(anonymous_19)
FNDA:8,(anonymous_20)
FNDA:2,(anonymous_22)
FNDA:2,(anonymous_23)
FNDA:1,(anonymous_25)
FNDA:1,(anonymous_26)
FNDA:1,(anonymous_28)
FNDA:1,(anonymous_29)
FNDA:0,(anonymous_31)
FNDA:0,(anonymous_32)
DA:2,4
DA:3,4
DA:4,4
DA:5,4
DA:7,7
DA:8,7
DA:12,14
DA:15,4
DA:19,8
DA:21,8
DA:22,1
DA:23,0
DA:24,0
DA:31,8
DA:33,8
DA:34,8
DA:35,8
DA:36,8
DA:38,8
DA:39,0
DA:42,8
DA:43,0
DA:46,8
DA:47,0
DA:51,8
DA:54,8
DA:63,16
DA:66,14
DA:68,8
DA:70,0
DA:74,4
DA:76,2
DA:78,2
DA:79,0
DA:82,2
DA:84,2
DA:85,1
DA:87,1
DA:89,1
DA:91,0
DA:95,4
DA:97,1
DA:99,1
DA:100,0
DA:103,1
DA:104,1
DA:105,0
DA:107,1
DA:109,2
DA:111,1
DA:113,0
DA:117,4
DA:119,1
DA:121,1
DA:123,1
DA:124,0
DA:127,1
DA:129,0
DA:133,4
DA:135,0
DA:136,0
DA:137,0
DA:140,0
DA:142,0
DA:144,0
LF:65
LH:46
BRDA:21,0,0,1
BRDA:21,0,1,7
BRDA:22,1,0,0
BRDA:22,1,1,1
BRDA:38,2,0,0
BRDA:38,2,1,8
BRDA:42,3,0,0
BRDA:42,3,1,8
BRDA:46,4,0,0
BRDA:46,4,1,8
BRDA:78,5,0,0
BRDA:78,5,1,2
BRDA:84,6,0,1
BRDA:84,6,1,1
BRDA:99,7,0,0
BRDA:99,7,1,1
BRDA:104,8,0,0
BRDA:104,8,1,1
BRDA:123,9,0,0
BRDA:123,9,1,1
BRDA:136,10,0,0
BRDA:136,10,1,0
BRF:22
BRH:12
end_of_record
TN:
SF:src/api/v1/comments/commentModel.ts
FN:57,(anonymous_1)
FN:66,(anonymous_2)
FNF:2
FNH:2
FNDA:11,(anonymous_1)
FNDA:8,(anonymous_2)
DA:1,4
DA:3,4
DA:27,4
DA:58,11
DA:59,11
DA:60,11
DA:66,4
DA:67,8
DA:72,4
DA:77,4
LF:10
LH:10
BRF:0
BRH:0
end_of_record
TN:
SF:src/api/v1/comments/commentRouter.ts
FNF:0
FNH:0
DA:1,4
DA:2,4
DA:3,4
DA:5,4
DA:12,4
DA:13,4
DA:14,4
DA:16,4
DA:18,4
DA:24,4
DA:36,4
LF:11
LH:11
BRF:0
BRH:0
end_of_record
TN:
SF:src/api/v1/middlewares/checkIfAllowedComment.ts
FN:6,(anonymous_13)
FN:9,(anonymous_14)
FNF:2
FNH:2
FNDA:9,(anonymous_13)
FNDA:9,(anonymous_14)
DA:2,4
DA:3,4
DA:4,4
DA:6,4
DA:9,9
DA:11,9
DA:13,9
DA:14,0
DA:17,9
DA:19,9
DA:20,0
DA:23,16
DA:24,2
DA:29,2
DA:30,1
DA:32,1
DA:37,7
LF:17
LH:15
BRDA:13,0,0,0
BRDA:13,0,1,9
BRDA:19,1,0,0
BRDA:19,1,1,9
BRDA:23,2,0,7
BRDA:23,2,1,2
BRDA:29,3,0,1
BRDA:29,3,1,1
BRF:8
BRH:6
end_of_record
TN:
SF:src/api/v1/middlewares/decodeToken.ts
FN:19,(anonymous_1)
FNF:1
FNH:1
FNDA:35,(anonymous_1)
DA:2,4
DA:19,4
DA:24,35
DA:25,3
DA:28,32
DA:29,32
DA:34,32
DA:36,32
LF:8
LH:8
BRDA:24,0,0,3
BRDA:24,0,1,32
BRDA:24,1,0,0
BRDA:24,1,1,35
BRDA:24,2,0,35
BRDA:24,2,1,35
BRF:6
BRH:5
end_of_record
TN:
SF:src/api/v1/middlewares/require-auth.ts
FN:5,(anonymous_13)
FN:17,(anonymous_14)
FN:20,(anonymous_15)
FNF:3
FNH:3
FNDA:29,(anonymous_13)
FNDA:3,(anonymous_14)
FNDA:3,(anonymous_15)
DA:2,4
DA:3,4
DA:5,4
DA:10,29
DA:11,0
DA:14,29
DA:17,4
DA:20,3
DA:22,3
DA:23,0
DA:26,3
DA:28,3
DA:29,2
DA:34,1
LF:14
LH:12
BRDA:10,0,0,0
BRDA:10,0,1,29
BRDA:22,1,0,0
BRDA:22,1,1,3
BRDA:28,2,0,2
BRDA:28,2,1,1
BRDA:28,3,0,0
BRDA:28,3,1,3
BRDA:28,4,0,3
BRDA:28,4,1,3
BRF:10
BRH:7
end_of_record
TN:
SF:src/api/v1/middlewares/validate-request.ts
FN:4,(anonymous_0)
FNF:1
FNH:1
FNDA:49,(anonymous_0)
DA:2,4
DA:4,4
DA:9,49
DA:11,49
DA:12,7
DA:14,42
LF:6
LH:6
BRDA:11,0,0,7
BRDA:11,0,1,42
BRF:2
BRH:2
end_of_record
TN:
SF:src/api/v1/services/password.ts
FN:6,(anonymous_13)
FN:7,(anonymous_15)
FN:14,(anonymous_18)
FNF:3
FNH:3
FNDA:4,(anonymous_13)
FNDA:20,(anonymous_15)
FNDA:2,(anonymous_18)
DA:1,4
DA:2,4
DA:4,4
DA:6,4
DA:7,4
DA:8,20
DA:9,20
DA:11,20
DA:14,4
DA:15,2
DA:16,2
DA:18,2
DA:20,4
LF:13
LH:13
BRF:0
BRH:0
end_of_record
TN:
SF:src/api/v1/services/ticketStatus.ts
FN:2,(anonymous_0)
FNF:1
FNH:1
FNDA:4,(anonymous_0)
DA:2,4
DA:3,4
DA:4,4
DA:5,4
LF:4
LH:4
BRDA:2,0,0,4
BRDA:2,0,1,4
BRF:2
BRH:2
end_of_record
TN:
SF:src/api/v1/services/userRoles.ts
FN:1,(anonymous_0)
FNF:1
FNH:1
FNDA:4,(anonymous_0)
DA:1,4
DA:2,4
DA:3,4
DA:4,4
LF:4
LH:4
BRDA:1,0,0,4
BRDA:1,0,1,4
BRF:2
BRH:2
end_of_record
TN:
SF:src/api/v1/ticket/ticketController.ts
FN:11,(anonymous_14)
FN:14,(anonymous_15)
FN:35,(anonymous_17)
FN:35,(anonymous_18)
FN:55,(anonymous_20)
FN:55,(anonymous_21)
FN:81,(anonymous_23)
FN:81,(anonymous_24)
FN:106,(anonymous_26)
FN:106,(anonymous_27)
FN:116,(anonymous_29)
FN:116,(anonymous_30)
FN:134,(anonymous_32)
FN:134,(anonymous_33)
FN:155,(anonymous_35)
FNF:15
FNH:6
FNDA:11,(anonymous_14)
FNDA:11,(anonymous_15)
FNDA:0,(anonymous_17)
FNDA:0,(anonymous_18)
FNDA:3,(anonymous_20)
FNDA:3,(anonymous_21)
FNDA:1,(anonymous_23)
FNDA:1,(anonymous_24)
FNDA:0,(anonymous_26)
FNDA:0,(anonymous_27)
FNDA:0,(anonymous_29)
FNDA:0,(anonymous_30)
FNDA:0,(anonymous_32)
FNDA:0,(anonymous_33)
FNDA:0,(anonymous_35)
DA:2,4
DA:3,4
DA:4,4
DA:5,4
DA:6,4
DA:8,4
DA:9,4
DA:11,4
DA:14,11
DA:17,11
DA:19,11
DA:27,22
DA:29,11
DA:31,0
DA:35,4
DA:37,0
DA:38,0
DA:39,0
DA:40,0
DA:45,0
DA:46,0
DA:49,0
DA:51,0
DA:55,4
DA:57,3
DA:58,3
DA:59,0
DA:62,3
DA:63,3
DA:65,3
DA:66,1
DA:69,2
DA:70,0
DA:71,0
DA:75,2
DA:77,0
DA:81,4
DA:83,1
DA:84,1
DA:85,1
DA:86,0
DA:88,1
DA:90,1
DA:91,0
DA:94,1
DA:98,2
DA:100,1
DA:102,0
DA:106,4
DA:108,0
DA:110,0
DA:112,0
DA:116,4
DA:118,0
DA:119,0
DA:120,0
DA:128,0
DA:130,0
DA:134,4
DA:136,0
DA:137,0
DA:139,0
DA:140,0
DA:141,0
DA:149,0
DA:150,0
DA:152,0
DA:153,0
DA:155,0
DA:156,0
DA:157,0
DA:160,0
DA:164,0
LF:73
LH:35
BRDA:37,0,0,0
BRDA:37,0,1,0
BRDA:45,1,0,0
BRDA:45,1,1,0
BRDA:58,2,0,0
BRDA:58,2,1,3
BRDA:65,3,0,1
BRDA:65,3,1,2
BRDA:69,4,0,0
BRDA:69,4,1,2
BRDA:69,5,0,2
BRDA:69,5,1,0
BRDA:69,6,0,2
BRDA:69,6,1,0
BRDA:70,7,0,0
BRDA:70,7,1,0
BRDA:85,8,0,0
BRDA:85,8,1,1
BRDA:90,9,0,0
BRDA:90,9,1,1
BRF:20
BRH:8
end_of_record
TN:
SF:src/api/v1/ticket/ticketModel.ts
FN:5,(anonymous_1)
FN:52,(anonymous_2)
FN:68,(anonymous_3)
FNF:3
FNH:3
FNDA:11,(anonymous_1)
FNDA:14,(anonymous_2)
FNDA:11,(anonymous_3)
DA:1,4
DA:2,4
DA:5,15
DA:28,4
DA:53,14
DA:54,14
DA:55,14
DA:62,4
DA:68,4
DA:69,11
DA:72,4
DA:74,4
LF:12
LH:12
BRF:0
BRH:0
end_of_record
TN:
SF:src/api/v1/ticket/ticketRouter.ts
FNF:0
FNH:0
DA:1,4
DA:2,4
DA:3,4
DA:4,4
DA:13,4
DA:14,4
DA:16,4
DA:18,4
DA:29,4
DA:31,4
DA:32,4
DA:34,4
DA:39,4
LF:13
LH:13
BRF:0
BRH:0
end_of_record
TN:
SF:src/server/server.ts
FN:23,(anonymous_14)
FN:23,(anonymous_15)
FN:27,(anonymous_17)
FNF:3
FNH:0
FNDA:0,(anonymous_14)
FNDA:0,(anonymous_15)
FNDA:0,(anonymous_17)
DA:1,4
DA:2,4
DA:3,4
DA:4,4
DA:6,4
DA:8,4
DA:9,4
DA:10,4
DA:11,4
DA:12,4
DA:14,4
DA:21,4
DA:23,4
DA:24,0
DA:27,4
DA:28,0
DA:31,4
LF:17
LH:15
BRF:0
BRH:0
end_of_record
